NAME                                         READY   STATUS              RESTARTS      AGE
pod/bot-6749bf5b4-jxg4v                      1/1     Running             0             16m
pod/cassandra-0                              1/1     Running             0             16m
pod/discussionmw-d8b4b86fc-mdhh9             1/1     Running             0             16m
pod/echo-86d898574d-q68pv                    1/1     Running             0             16m
pod/edbb-job-deleter-vd5xx                   0/1     Completed           0             4m7s
pod/edbb-kong-apis-kffj6                     0/1     Completed           0             3m46s
pod/edbb-kong-consumers-7jx7x                0/1     Completed           0             2m48s
pod/edbb-postgres-migration-job-g2qpf        0/1     Completed           0             3m48s
pod/kafka-0                                  1/1     Running             1 (15m ago)   16m
pod/knowledge-mw-d58d5b9f4-xq7zx             0/3     Init:0/1            0             16m
pod/kong-759dc74575-79kml                    1/1     Running             2 (15m ago)   16m
pod/kong-migrations-9blzq                    0/1     Completed           0             16m
pod/nginx-private-ingress-8549dbcb9d-c96gm   1/1     Running             0             16m
pod/nginx-public-ingress-54986cd9f7-72jll    0/1     Init:0/3            0             16m
pod/nodebb-bb8d5fc8d-jjc47                   1/1     Running             0             16m
pod/player-7c74678d7d-xpdjj                  0/1     ContainerCreating   0             16m
pod/postgresql-0                             1/1     Running             0             16m
pod/redis-master-0                           1/1     Running             0             16m
pod/report-6c487d497b-q2r8f                  0/3     Init:0/1            0             16m
pod/zookeeper-0                              1/1     Running             0             16m

NAME                                   TYPE           CLUSTER-IP       EXTERNAL-IP   PORT(S)                               AGE
service/bot                            ClusterIP      34.118.237.177   <none>        5005/TCP                              16m
service/cassandra                      ClusterIP      34.118.235.149   <none>        9042/TCP,8080/TCP                     16m
service/cassandra-headless             ClusterIP      None             <none>        7000/TCP,7001/TCP,7199/TCP,9042/TCP   16m
service/discussionmw-service           ClusterIP      34.118.228.141   <none>        3002/TCP                              16m
service/echo                           ClusterIP      34.118.232.13    <none>        3030/TCP                              16m
service/kafka                          ClusterIP      34.118.238.58    <none>        9092/TCP                              16m
service/kafka-headless                 ClusterIP      None             <none>        9092/TCP,9093/TCP                     16m
service/knowledge-mw-service           ClusterIP      34.118.238.177   <none>        5000/TCP,8181/TCP,10000/TCP           16m
service/kong                           ClusterIP      34.118.229.222   <none>        8000/TCP,8001/TCP                     16m
service/nginx-private-ingress          LoadBalancer   34.118.239.105   10.0.1.21     80:31561/TCP                          16m
service/nginx-public-ingress           LoadBalancer   34.118.238.61    34.47.149.7   80:32597/TCP,443:30152/TCP            16m
service/nginx-public-ingress-metrics   ClusterIP      34.118.230.231   <none>        9145/TCP                              16m
service/nodebb                         ClusterIP      34.118.239.234   <none>        4567/TCP                              16m
service/player                         ClusterIP      34.118.235.67    <none>        3000/TCP                              16m
service/postgresql                     ClusterIP      34.118.230.4     <none>        5432/TCP                              16m
service/postgresql-headless            ClusterIP      None             <none>        5432/TCP                              16m
service/redis-headless                 ClusterIP      None             <none>        6379/TCP                              16m
service/redis-master                   ClusterIP      34.118.225.11    <none>        6379/TCP                              16m
service/redis-replicas                 ClusterIP      34.118.226.160   <none>        6379/TCP                              16m
service/report-service                 ClusterIP      34.118.228.68    <none>        3030/TCP,8181/TCP,10000/TCP           16m
service/router-service                 ClusterIP      34.118.235.42    <none>        80/TCP                                16m
service/zookeeper                      ClusterIP      34.118.232.18    <none>        2181/TCP,2888/TCP,3888/TCP            16m
service/zookeeper-headless             ClusterIP      None             <none>        2181/TCP,2888/TCP,3888/TCP            16m

NAME                                    READY   UP-TO-DATE   AVAILABLE   AGE
deployment.apps/bot                     1/1     1            1           16m
deployment.apps/discussionmw            1/1     1            1           16m
deployment.apps/echo                    1/1     1            1           16m
deployment.apps/knowledge-mw            0/1     1            0           16m
deployment.apps/kong                    1/1     1            1           16m
deployment.apps/nginx-private-ingress   1/1     1            1           16m
deployment.apps/nginx-public-ingress    0/1     1            0           16m
deployment.apps/nodebb                  1/1     1            1           16m
deployment.apps/player                  0/1     1            0           16m
deployment.apps/report                  0/1     1            0           16m
deployment.apps/router                  0/0     0            0           16m

NAME                                               DESIRED   CURRENT   READY   AGE
replicaset.apps/bot-6749bf5b4                      1         1         1       16m
replicaset.apps/discussionmw-d8b4b86fc             1         1         1       16m
replicaset.apps/echo-86d898574d                    1         1         1       16m
replicaset.apps/knowledge-mw-d58d5b9f4             1         1         0       16m
replicaset.apps/kong-759dc74575                    1         1         1       16m
replicaset.apps/nginx-private-ingress-8549dbcb9d   1         1         1       16m
replicaset.apps/nginx-public-ingress-54986cd9f7    1         1         0       16m
replicaset.apps/nodebb-bb8d5fc8d                   1         1         1       16m
replicaset.apps/player-7c74678d7d                  1         1         0       16m
replicaset.apps/report-6c487d497b                  1         1         0       16m
replicaset.apps/router-b9499cd7b                   0         0         0       16m

NAME                              READY   AGE
statefulset.apps/cassandra        1/1     16m
statefulset.apps/kafka            1/1     16m
statefulset.apps/postgresql       1/1     16m
statefulset.apps/redis-master     1/1     16m
statefulset.apps/redis-replicas   0/0     16m
statefulset.apps/zookeeper        1/1     16m

NAME                                    STATUS     COMPLETIONS   DURATION   AGE
job.batch/edbb-job-deleter              Complete   1/1           3s         4m8s
job.batch/edbb-kong-apis                Complete   1/1           57s        3m47s
job.batch/edbb-kong-consumers           Complete   1/1           5s         2m49s
job.batch/edbb-postgres-migration-job   Complete   1/1           5s         3m49s
job.batch/kong-migrations               Complete   1/1           49s        16m



############################### ConfigMap ###############################

NAME                       DATA   AGE
bot                        1      71m
bot-env                    1      71m
cassandra-metrics-conf     1      71m
discussionmw               1      71m
discussionmw-env           9      71m
echo                       1      71m
echo-env                   1      71m
edbb-kong-apis             1      71m
edbb-kong-consumers        1      71m
kafka-scripts              1      71m
knowledge-mw               0      71m
knowledge-mw-access-keys   0      71m
knowledge-mw-env           49     71m
knowledge-mw-envoy         1      71m
knowledge-mw-opa           3      71m
kong                       0      71m
kong-env                   17     71m
kube-root-ca.crt           1      71m
nginx-private-ingress      1      71m
nginx-public-ingress       7      71m
nodebb                     1      71m
nodebb-env                 12     71m
player-access-keys         0      71m
player-env                 136    71m
redis-configuration        3      71m
redis-health               6      71m
redis-scripts              2      71m
report-env                 28     71m
report-envoy               1      71m
report-opa                 3      71m
router                     1      71m
router-env                 13     71m
zookeeper-scripts          2      71m


############################### sa ###############################

NAME                    SECRETS   AGE
bot                     0         62m
cassandra               0         62m
default                 0         62m
discussionmw            0         62m
echo                    0         62m
edbb-job-deleter        0         50m
kafka                   0         62m
knowledge-mw            0         62m
kong                    0         62m
nginx-private-ingress   0         62m
nginx-public-ingress    0         62m
nodebb                  0         62m
player                  0         62m
redis                   0         62m
report                  0         62m
router                  0         62m


############################### pvc ###############################

NAME                        STATUS   VOLUME                                     CAPACITY   ACCESS MODES   STORAGECLASS   VOLUMEATTRIBUTESCLASS   AGE
data-cassandra-0            Bound    pvc-9f9ca07b-49d5-4da6-b808-cd8e0507e52c   25Gi       RWO            standard-rwo   <unset>                 63m
data-kafka-0                Bound    pvc-9b8cf309-d569-4358-9f3d-cdd0f40f214e   25Gi       RWO            standard-rwo   <unset>                 63m
data-postgresql-0           Bound    pvc-d7c09b7e-df0a-417c-becd-f353149d134d   25Gi       RWO            standard-rwo   <unset>                 63m
data-zookeeper-0            Bound    pvc-541577ec-5b05-40af-8949-3aba38865be4   2Gi        RWO            standard-rwo   <unset>                 63m
redis-data-redis-master-0   Bound    pvc-be8ecc78-28e0-4bd9-aef2-0111be65b075   25Gi       RWO            standard-rwo   <unset>                 63m


############################### secret  ###############################

NAME                         TYPE                 DATA   AGE
cassandra                    Opaque               1      64m
postgresql                   Opaque               1      64m
sh.helm.release.v1.edbb.v1   helm.sh/release.v1   1      64m
sh.helm.release.v1.edbb.v2   helm.sh/release.v1   1      52m



